\BOOKMARK [1][-]{section.1}{\376\377\000I\000n\000t\000r\000o\000d\000u\000c\000t\000i\000o\000n}{}% 1
\BOOKMARK [1][-]{section.2}{\376\377\000R\000e\000l\000a\000t\000e\000d\000\040\000W\000o\000r\000k}{}% 2
\BOOKMARK [1][-]{section.3}{\376\377\000H\000-\000P\000S\000M\000G\000\040\000a\000n\000d\000\040\000H\000-\000P\000S\000M\000G\000+\000:\000\040\000H\000i\000e\000r\000a\000r\000c\000h\000i\000c\000a\000l\000\040\000P\000o\000s\000t\000e\000r\000i\000o\000r\000\040\000S\000a\000m\000p\000l\000i\000n\000g\000\040\000f\000o\000r\000\040\000L\000L\000M\000\040\000C\000o\000o\000r\000d\000i\000n\000a\000t\000i\000o\000n}{}% 3
\BOOKMARK [2][-]{subsection.3.1}{\376\377\000S\000e\000t\000t\000i\000n\000g}{section.3}% 4
\BOOKMARK [2][-]{subsection.3.2}{\376\377\000H\000-\000P\000S\000M\000G\000:\000\040\000o\000n\000e\000\040\000b\000e\000l\000i\000e\000f\000\040\000p\000e\000r\000\040\000a\000g\000e\000n\000t}{section.3}% 5
\BOOKMARK [2][-]{subsection.3.3}{\376\377\000H\000-\000P\000S\000M\000G\000+\000:\000\040\000a\000\040\000s\000m\000a\000l\000l\000\040\000b\000o\000n\000u\000s\000\040\000t\000h\000a\000t\000\040\000b\000r\000e\000a\000k\000s\000\040\000t\000h\000e\000\040\000d\000e\000e\000p\000-\000t\000r\000a\000p}{section.3}% 6
\BOOKMARK [1][-]{section.4}{\376\377\000L\000L\000M\000\040\000E\000x\000p\000e\000r\000i\000m\000e\000n\000t\000s}{}% 7
\BOOKMARK [2][-]{subsection.4.1}{\376\377\000H\000P\000-\000S\000P\000G\000G\000:\000\040\000C\000o\000n\000t\000r\000o\000l\000l\000e\000d\000\040\000L\000L\000M\000-\000M\000A\000S\000\040\000B\000e\000n\000c\000h\000m\000a\000r\000k}{section.4}% 8
\BOOKMARK [2][-]{subsection.4.2}{\376\377\000C\000o\000n\000c\000o\000r\000d\000i\000a\000\040\000P\000u\000b\000l\000i\000c\000\040\000B\000e\000n\000c\000h\000m\000a\000r\000k\000s}{section.4}% 9
\BOOKMARK [2][-]{subsection.4.3}{\376\377\000S\000O\000T\000O\000P\000I\000A\000-\000H\000a\000r\000d\000:\000\040\000P\000a\000r\000t\000i\000a\000l\000\040\000T\000r\000a\000n\000s\000f\000e\000r\000\040\000B\000e\000y\000o\000n\000d\000\040\000T\000h\000e\000o\000r\000e\000t\000i\000c\000a\000l\000\040\000P\000r\000e\000c\000o\000n\000d\000i\000t\000i\000o\000n\000s}{section.4}% 10
\BOOKMARK [1][-]{section.5}{\376\377\000D\000i\000s\000c\000u\000s\000s\000i\000o\000n\000,\000\040\000L\000i\000m\000i\000t\000a\000t\000i\000o\000n\000s\000,\000\040\000a\000n\000d\000\040\000C\000o\000n\000c\000l\000u\000s\000i\000o\000n}{}% 11
\BOOKMARK [1][-]{appendix.A}{\376\377\000H\000T\000-\000M\000G\000-\000B\000C\000\040\000F\000o\000r\000m\000a\000l\000\040\000S\000e\000t\000t\000i\000n\000g}{}% 12
\BOOKMARK [1][-]{appendix.B}{\376\377\000P\000o\000s\000t\000e\000r\000i\000o\000r\000\040\000D\000e\000c\000o\000u\000p\000l\000i\000n\000g\000\040\000T\000h\000e\000o\000r\000e\000m}{}% 13
\BOOKMARK [2][-]{subsection.B.1}{\376\377\000L\000i\000k\000e\000l\000i\000h\000o\000o\000d\000\040\000F\000a\000c\000t\000o\000r\000i\000z\000a\000t\000i\000o\000n}{appendix.B}% 14
\BOOKMARK [2][-]{subsection.B.2}{\376\377\000M\000a\000i\000n\000\040\000T\000h\000e\000o\000r\000e\000m}{appendix.B}% 15
\BOOKMARK [1][-]{appendix.C}{\376\377\000N\000u\000m\000e\000r\000i\000c\000a\000l\000\040\000I\000l\000l\000u\000s\000t\000r\000a\000t\000i\000o\000n\000:\000\040\000T\000w\000o\000-\000A\000g\000e\000n\000t\000\040\000B\000a\000y\000e\000s\000i\000a\000n\000\040\000P\000r\000i\000s\000o\000n\000e\000r\000'\000s\000\040\000D\000i\000l\000e\000m\000m\000a}{}% 16
\BOOKMARK [2][-]{subsection.C.1}{\376\377\000S\000e\000t\000u\000p}{appendix.C}% 17
\BOOKMARK [2][-]{subsection.C.2}{\376\377\000E\000p\000i\000s\000o\000d\000e\000\040\0001}{appendix.C}% 18
\BOOKMARK [2][-]{subsection.C.3}{\376\377\000N\000o\000i\000s\000y\000\040\000O\000b\000s\000e\000r\000v\000a\000t\000i\000o\000n\000\040\000V\000a\000r\000i\000a\000n\000t}{appendix.C}% 19
\BOOKMARK [1][-]{appendix.D}{\376\377\000N\000e\000c\000e\000s\000s\000i\000t\000y\000\040\000o\000f\000\040\000t\000h\000e\000\040\000S\000t\000r\000u\000c\000t\000u\000r\000a\000l\000\040\000A\000s\000s\000u\000m\000p\000t\000i\000o\000n\000s}{}% 20
\BOOKMARK [2][-]{subsection.D.1}{\376\377\000C\000o\000u\000n\000t\000e\000r\000-\000E\000x\000a\000m\000p\000l\000e\000\040\000I\000:\000\040\000T\000y\000p\000e\000-\000D\000e\000p\000e\000n\000d\000e\000n\000t\000\040\000T\000r\000a\000n\000s\000i\000t\000i\000o\000n\000s}{appendix.D}% 21
\BOOKMARK [2][-]{subsection.D.2}{\376\377\000C\000o\000u\000n\000t\000e\000r\000-\000E\000x\000a\000m\000p\000l\000e\000\040\000I\000I\000:\000\040\000N\000o\000n\000-\000L\000o\000c\000a\000l\000\040\000R\000e\000w\000a\000r\000d}{appendix.D}% 22
\BOOKMARK [1][-]{appendix.E}{\376\377\000F\000r\000o\000m\000\040\000D\000e\000c\000o\000u\000p\000l\000i\000n\000g\000\040\000t\000o\000\040\000R\000e\000g\000r\000e\000t\000:\000\040\000A\000\040\000R\000o\000a\000d\000m\000a\000p}{}% 23
\BOOKMARK [2][-]{subsection.E.1}{\376\377\000P\000e\000r\000-\000E\000p\000i\000s\000o\000d\000e\000\040\000R\000e\000g\000r\000e\000t\000\040\000D\000e\000c\000o\000m\000p\000o\000s\000i\000t\000i\000o\000n}{appendix.E}% 24
\BOOKMARK [2][-]{subsection.E.2}{\376\377\000B\000o\000u\000n\000d\000i\000n\000g\000\040\000t\000h\000e\000\040\000T\000r\000a\000n\000s\000i\000t\000i\000o\000n\000\040\000C\000o\000m\000p\000o\000n\000e\000n\000t}{appendix.E}% 25
\BOOKMARK [2][-]{subsection.E.3}{\376\377\000B\000o\000u\000n\000d\000i\000n\000g\000\040\000t\000h\000e\000\040\000T\000y\000p\000e\000\040\000C\000o\000m\000p\000o\000n\000e\000n\000t}{appendix.E}% 26
\BOOKMARK [2][-]{subsection.E.4}{\376\377\000M\000a\000i\000n\000\040\000R\000e\000g\000r\000e\000t\000\040\000B\000o\000u\000n\000d}{appendix.E}% 27
\BOOKMARK [2][-]{subsection.E.5}{\376\377\000R\000a\000t\000e\000\040\000S\000e\000p\000a\000r\000a\000t\000i\000o\000n\000\040\000f\000r\000o\000m\000\040\000H\000e\000u\000r\000i\000s\000t\000i\000c\000\040\000a\000n\000d\000\040\000T\000y\000p\000e\000-\000A\000g\000n\000o\000s\000t\000i\000c\000\040\000B\000a\000s\000e\000l\000i\000n\000e\000s}{appendix.E}% 28
\BOOKMARK [2][-]{subsection.E.6}{\376\377\000R\000e\000g\000r\000e\000t\000\040\000g\000u\000a\000r\000a\000n\000t\000e\000e\000s\000\040\000o\000f\000\040\000H\000-\000P\000S\000M\000G\000+}{appendix.E}% 29
\BOOKMARK [2][-]{subsection.E.7}{\376\377\000E\000x\000p\000o\000n\000e\000n\000t\000i\000a\000l\000\040\000i\000m\000p\000r\000o\000v\000e\000m\000e\000n\000t\000\040\000o\000v\000e\000r\000\040\000g\000e\000n\000e\000r\000i\000c\000\040\000B\000a\000y\000e\000s\000i\000a\000n\000\040\000R\000L\000\040\000v\000i\000a\000\040\000d\000e\000c\000o\000u\000p\000l\000i\000n\000g}{appendix.E}% 30
\BOOKMARK [2][-]{subsection.E.8}{\376\377\000M\000i\000n\000i\000m\000a\000x\000\040\000l\000o\000w\000e\000r\000\040\000b\000o\000u\000n\000d\000\040\000a\000n\000d\000\040\000t\000i\000g\000h\000t\000n\000e\000s\000s\000\040\000o\000f\000\040\000T\000h\000e\000o\000r\000e\000m\000\040\000E\000.\0001}{appendix.E}% 31
\BOOKMARK [1][-]{appendix.F}{\376\377\000R\000i\000g\000o\000r\000o\000u\000s\000\040\000T\000r\000e\000a\000t\000m\000e\000n\000t\000\040\000o\000f\000\040\000t\000h\000e\000\040\000n\000-\000P\000l\000a\000y\000e\000r\000\040\000C\000a\000s\000e}{}% 32
\BOOKMARK [2][-]{subsection.F.1}{\376\377\000E\000x\000p\000l\000i\000c\000i\000t\000\040\000L\000i\000k\000e\000l\000i\000h\000o\000o\000d\000\040\000F\000a\000c\000t\000o\000r\000i\000z\000a\000t\000i\000o\000n\000\040\000f\000o\000r\000\040\000n\000\040\000A\000g\000e\000n\000t\000s}{appendix.F}% 33
\BOOKMARK [2][-]{subsection.F.2}{\376\377\000F\000u\000l\000l\000\040\000I\000n\000d\000u\000c\000t\000i\000o\000n\000\040\000P\000r\000o\000o\000f}{appendix.F}% 34
\BOOKMARK [2][-]{subsection.F.3}{\376\377\000S\000t\000o\000r\000a\000g\000e\000\040\000a\000n\000d\000\040\000C\000o\000m\000p\000u\000t\000a\000t\000i\000o\000n\000a\000l\000\040\000C\000o\000m\000p\000l\000e\000x\000i\000t\000y}{appendix.F}% 35
\BOOKMARK [2][-]{subsection.F.4}{\376\377\000W\000o\000r\000k\000e\000d\000\040\000E\000x\000a\000m\000p\000l\000e\000:\000\040\000T\000h\000r\000e\000e\000-\000A\000g\000e\000n\000t\000\040\000H\000e\000t\000e\000r\000o\000g\000e\000n\000e\000o\000u\000s\000\040\000C\000o\000o\000r\000d\000i\000n\000a\000t\000i\000o\000n}{appendix.F}% 36
\BOOKMARK [1][-]{appendix.G}{\376\377\000V\000e\000r\000i\000f\000i\000c\000a\000t\000i\000o\000n\000\040\000o\000f\000\040\000c\000\137\000k\000\050\000t\000a\000u\000\137\000k\000\051\000\040\000I\000n\000d\000e\000p\000e\000n\000d\000e\000n\000c\000e\000\040\000o\000f\000\040\000\050\000P\000,\000\040\000t\000h\000e\000t\000a\000\051}{}% 37
\BOOKMARK [1][-]{appendix.H}{\376\377\000D\000i\000s\000c\000u\000s\000s\000i\000o\000n\000\040\000o\000f\000\040\000C\000C\000E\000\040\000O\000r\000a\000c\000l\000e\000\040\000A\000p\000p\000r\000o\000x\000i\000m\000a\000t\000i\000o\000n}{}% 38
\BOOKMARK [1][-]{appendix.I}{\376\377\000P\000e\000r\000-\000E\000p\000i\000s\000o\000d\000e\000\040\000R\000e\000g\000r\000e\000t\000\040\000D\000e\000c\000o\000m\000p\000o\000s\000i\000t\000i\000o\000n\000:\000\040\000F\000u\000l\000l\000\040\000D\000e\000r\000i\000v\000a\000t\000i\000o\000n}{}% 39
\BOOKMARK [2][-]{subsection.I.1}{\376\377\000N\000o\000t\000a\000t\000i\000o\000n\000\040\000a\000n\000d\000\040\000S\000e\000t\000u\000p}{appendix.I}% 40
\BOOKMARK [2][-]{subsection.I.2}{\376\377\000R\000e\000d\000u\000c\000t\000i\000o\000n\000\040\000t\000o\000\040\000t\000h\000e\000\040\000S\000i\000m\000u\000l\000a\000t\000i\000o\000n\000\040\000G\000a\000p\000\040\000v\000i\000a\000\040\000P\000o\000s\000t\000e\000r\000i\000o\000r\000\040\000S\000a\000m\000p\000l\000i\000n\000g}{appendix.I}% 41
\BOOKMARK [2][-]{subsection.I.3}{\376\377\000V\000a\000l\000u\000e\000\040\000D\000i\000f\000f\000e\000r\000e\000n\000c\000e\000\040\000L\000e\000m\000m\000a\000\040\000f\000o\000r\000\040\000H\000T\000-\000M\000G}{appendix.I}% 42
\BOOKMARK [2][-]{subsection.I.4}{\376\377\000B\000o\000u\000n\000d\000i\000n\000g\000\040\000t\000h\000e\000\040\000R\000e\000w\000a\000r\000d\000-\000M\000i\000s\000s\000p\000e\000c\000i\000f\000i\000c\000a\000t\000i\000o\000n\000\040\000T\000e\000r\000m}{appendix.I}% 43
\BOOKMARK [2][-]{subsection.I.5}{\376\377\000B\000o\000u\000n\000d\000i\000n\000g\000\040\000t\000h\000e\000\040\000T\000r\000a\000n\000s\000i\000t\000i\000o\000n\000-\000M\000i\000s\000s\000p\000e\000c\000i\000f\000i\000c\000a\000t\000i\000o\000n\000\040\000T\000e\000r\000m}{appendix.I}% 44
\BOOKMARK [2][-]{subsection.I.6}{\376\377\000M\000a\000i\000n\000\040\000R\000e\000g\000r\000e\000t\000\040\000T\000h\000e\000o\000r\000e\000m\000\040\000a\000n\000d\000\040\000C\000o\000m\000b\000i\000n\000a\000t\000i\000o\000n}{appendix.I}% 45
\BOOKMARK [2][-]{subsection.I.7}{\376\377\000I\000n\000t\000e\000r\000p\000r\000e\000t\000a\000t\000i\000o\000n\000\040\000o\000f\000\040\000t\000h\000e\000\040\000B\000o\000u\000n\000d}{appendix.I}% 46
\BOOKMARK [1][-]{appendix.J}{\376\377\000F\000o\000r\000m\000a\000l\000\040\000P\000r\000o\000o\000f\000\040\000o\000f\000\040\000t\000h\000e\000\040\000E\000x\000p\000o\000n\000e\000n\000t\000i\000a\000l\000-\000i\000n\000-\000T\000h\000e\000t\000a\000-\000n\000\040\000B\000u\000r\000n\000-\000i\000n\000\040\000S\000e\000p\000a\000r\000a\000t\000i\000o\000n\000\040\000T\000h\000e\000o\000r\000e\000m}{}% 47
\BOOKMARK [2][-]{subsection.J.1}{\376\377\000S\000e\000t\000u\000p\000\040\000a\000n\000d\000\040\000N\000o\000t\000a\000t\000i\000o\000n}{appendix.J}% 48
\BOOKMARK [2][-]{subsection.J.2}{\376\377\000B\000a\000c\000k\000w\000a\000r\000d\000-\000I\000n\000d\000u\000c\000t\000i\000o\000n\000\040\000A\000l\000g\000e\000b\000r\000a}{appendix.J}% 49
\BOOKMARK [2][-]{subsection.J.3}{\376\377\000L\000o\000w\000e\000r\000\040\000B\000o\000u\000n\000d\000\040\000f\000o\000r\000\040\000V\000a\000n\000i\000l\000l\000a\000\040\000H\000-\000P\000S\000M\000G}{appendix.J}% 50
\BOOKMARK [2][-]{subsection.J.4}{\376\377\000U\000p\000p\000e\000r\000\040\000B\000o\000u\000n\000d\000\040\000f\000o\000r\000\040\000H\000-\000P\000S\000M\000G\000+}{appendix.J}% 51
\BOOKMARK [2][-]{subsection.J.5}{\376\377\000C\000o\000m\000b\000i\000n\000i\000n\000g\000\040\000t\000h\000e\000\040\000T\000w\000o\000\040\000B\000o\000u\000n\000d\000s}{appendix.J}% 52
\BOOKMARK [2][-]{subsection.J.6}{\376\377\000R\000e\000m\000a\000r\000k\000\040\000o\000n\000\040\000R\000a\000n\000d\000o\000m\000i\000s\000e\000d\000\040\000C\000C\000E\000\040\000T\000i\000e\000-\000B\000r\000e\000a\000k\000i\000n\000g}{appendix.J}% 53
\BOOKMARK [2][-]{subsection.J.7}{\376\377\000E\000m\000p\000i\000r\000i\000c\000a\000l\000\040\000S\000u\000b\000-\000m\000n\003\002\000\040\000S\000c\000a\000l\000i\000n\000g\000\040\000a\000t\000\040\000F\000i\000n\000i\000t\000e\000\040\000K}{appendix.J}% 54
\BOOKMARK [2][-]{subsection.J.8}{\376\377\000P\000r\000o\000o\000f\000\040\000o\000f\000\040\000T\000h\000e\000o\000r\000e\000m\000\040\000E\000.\0004\000\050\000i\000\051\000:\000\040\000A\000s\000y\000m\000p\000t\000o\000t\000i\000c\000\040\000M\000a\000t\000c\000h}{appendix.J}% 55
\BOOKMARK [1][-]{appendix.K}{\376\377\000F\000u\000n\000c\000t\000i\000o\000n\000-\000A\000p\000p\000r\000o\000x\000i\000m\000a\000t\000i\000o\000n\000\040\000H\000-\000P\000S\000M\000G\000+\000:\000\040\000B\000e\000y\000o\000n\000d\000\040\000t\000h\000e\000\040\000T\000a\000b\000u\000l\000a\000r\000\040\000S\000e\000t\000t\000i\000n\000g}{}% 56
\BOOKMARK [2][-]{subsection.K.1}{\376\377\000S\000e\000t\000u\000p}{appendix.K}% 57
\BOOKMARK [2][-]{subsection.K.2}{\376\377\000P\000o\000s\000t\000e\000r\000i\000o\000r\000\040\000D\000e\000c\000o\000u\000p\000l\000i\000n\000g\000\040\000u\000n\000d\000e\000r\000\040\000F\000u\000n\000c\000t\000i\000o\000n\000\040\000A\000p\000p\000r\000o\000x\000i\000m\000a\000t\000i\000o\000n}{appendix.K}% 58
\BOOKMARK [2][-]{subsection.K.3}{\376\377\000F\000A\000-\000H\000-\000P\000S\000M\000G\000+\000\040\000A\000l\000g\000o\000r\000i\000t\000h\000m}{appendix.K}% 59
\BOOKMARK [2][-]{subsection.K.4}{\376\377\000U\000n\000i\000f\000i\000e\000d\000\040\000R\000e\000g\000r\000e\000t\000\040\000B\000o\000u\000n\000d}{appendix.K}% 60
\BOOKMARK [2][-]{subsection.K.5}{\376\377\000F\000A\000\040\000B\000u\000r\000n\000-\000i\000n\000\040\000S\000e\000p\000a\000r\000a\000t\000i\000o\000n}{appendix.K}% 61
\BOOKMARK [2][-]{subsection.K.6}{\376\377\000D\000i\000s\000c\000u\000s\000s\000i\000o\000n\000:\000\040\000W\000h\000a\000t\000\040\000t\000h\000e\000\040\000F\000u\000n\000c\000t\000i\000o\000n\000-\000A\000p\000p\000r\000o\000x\000i\000m\000a\000t\000i\000o\000n\000\040\000G\000e\000n\000e\000r\000a\000l\000i\000s\000a\000t\000i\000o\000n\000\040\000B\000u\000y\000s}{appendix.K}% 62
\BOOKMARK [1][-]{appendix.L}{\376\377\000L\000L\000M\000-\000E\000x\000p\000e\000r\000i\000m\000e\000n\000t\000\040\000S\000u\000p\000p\000l\000e\000m\000e\000n\000t\000\040\000P\000a\000n\000e\000l\000s}{}% 63
\BOOKMARK [1][-]{appendix.M}{\376\377\000S\000O\000T\000O\000P\000I\000A\000-\000H\000a\000r\000d\000:\000\040\000F\000u\000l\000l\000\040\000P\000e\000r\000-\000B\000a\000c\000k\000b\000o\000n\000e\000\040\000a\000n\000d\000\040\000P\000e\000r\000-\000S\000c\000e\000n\000a\000r\000i\000o\000\040\000B\000r\000e\000a\000k\000d\000o\000w\000n}{}% 64
